<?xml version="1.0" encoding="UTF-8"?>
<testng-results ignored="0" total="2" passed="2" failed="0" skipped="0">
  <reporter-output>
    <line>
      <![CDATA[<br/><p><img width='612' src='C:\Users\tzion\OneDrive\שולחן העבודה\NewWorkspace\FinalProject4\07_01_2023_09_34_02_image.png'></p>]]>
    </line>
    <line>
      <![CDATA[<br/><p><img width='612' src='C:\Users\tzion\OneDrive\שולחן העבודה\NewWorkspace\FinalProject4\07_01_2023_09_34_11_image.png'></p>]]>
    </line>
  </reporter-output>
  <suite started-at="2023-01-07T09:33:53 IST" name="Suite" finished-at="2023-01-07T09:34:15 IST" duration-ms="21944">
    <groups>
    </groups>
    <test started-at="2023-01-07T09:33:53 IST" name="ReportNG" finished-at="2023-01-07T09:34:15 IST" duration-ms="21944">
      <class name="test.TestPageObject">
        <test-method is-config="true" signature="beforeClass()[pri:0, instance:test.TestPageObject@68759011]" started-at="2023-01-07T09:33:53 IST" name="beforeClass" finished-at="2023-01-07T09:33:54 IST" duration-ms="1540" status="PASS">
          <reporter-output>
          </reporter-output>
        </test-method> <!-- beforeClass -->
        <test-method is-config="true" signature="beforeMethod()[pri:0, instance:test.TestPageObject@68759011]" started-at="2023-01-07T09:33:55 IST" name="beforeMethod" finished-at="2023-01-07T09:33:55 IST" duration-ms="641" status="PASS">
          <reporter-output>
          </reporter-output>
        </test-method> <!-- beforeMethod -->
        <test-method signature="test1(java.lang.String,java.lang.String,java.lang.String,java.lang.String,java.lang.String,java.lang.String,java.lang.String,java.lang.String,java.lang.String,java.lang.String)[pri:0, instance:test.TestPageObject@68759011]" started-at="2023-01-07T09:33:55 IST" name="test1" data-provider="dataFromExcel" finished-at="2023-01-07T09:34:02 IST" duration-ms="6680" status="PASS">
          <params>
            <param index="0">
              <value>
                <![CDATA[Nir]]>
              </value>
            </param>
            <param index="1">
              <value>
                <![CDATA[Tzioni]]>
              </value>
            </param>
            <param index="2">
              <value>
                <![CDATA[28041990]]>
              </value>
            </param>
            <param index="3">
              <value>
                <![CDATA[זכר]]>
              </value>
            </param>
            <param index="4">
              <value>
                <![CDATA[200927853]]>
              </value>
            </param>
            <param index="5">
              <value>
                <![CDATA[054]]>
              </value>
            </param>
            <param index="6">
              <value>
                <![CDATA[5801250]]>
              </value>
            </param>
            <param index="7">
              <value>
                <![CDATA[052]]>
              </value>
            </param>
            <param index="8">
              <value>
                <![CDATA[5399012]]>
              </value>
            </param>
            <param index="9">
              <value>
                <![CDATA[Nir@test.com]]>
              </value>
            </param>
          </params>
          <reporter-output>
            <line>
              <![CDATA[<br/><p><img width='612' src='C:\Users\tzion\OneDrive\שולחן העבודה\NewWorkspace\FinalProject4\07_01_2023_09_34_02_image.png'></p>]]>
            </line>
          </reporter-output>
        </test-method> <!-- test1 -->
        <test-method is-config="true" signature="afterMethod()[pri:0, instance:test.TestPageObject@68759011]" started-at="2023-01-07T09:34:02 IST" name="afterMethod" finished-at="2023-01-07T09:34:05 IST" duration-ms="3013" status="PASS">
          <reporter-output>
          </reporter-output>
        </test-method> <!-- afterMethod -->
        <test-method is-config="true" signature="beforeMethod()[pri:0, instance:test.TestPageObject@68759011]" started-at="2023-01-07T09:34:05 IST" name="beforeMethod" finished-at="2023-01-07T09:34:06 IST" duration-ms="458" status="PASS">
          <reporter-output>
          </reporter-output>
        </test-method> <!-- beforeMethod -->
        <test-method signature="test1(java.lang.String,java.lang.String,java.lang.String,java.lang.String,java.lang.String,java.lang.String,java.lang.String,java.lang.String,java.lang.String,java.lang.String)[pri:0, instance:test.TestPageObject@68759011]" started-at="2023-01-07T09:34:06 IST" name="test1" data-provider="dataFromExcel" finished-at="2023-01-07T09:34:11 IST" duration-ms="5907" status="PASS">
          <params>
            <param index="0">
              <value>
                <![CDATA[Shelly]]>
              </value>
            </param>
            <param index="1">
              <value>
                <![CDATA[ Segal Tzioni]]>
              </value>
            </param>
            <param index="2">
              <value>
                <![CDATA[11091991]]>
              </value>
            </param>
            <param index="3">
              <value>
                <![CDATA[נקבה]]>
              </value>
            </param>
            <param index="4">
              <value>
                <![CDATA[203992482]]>
              </value>
            </param>
            <param index="5">
              <value>
                <![CDATA[052]]>
              </value>
            </param>
            <param index="6">
              <value>
                <![CDATA[5399012]]>
              </value>
            </param>
            <param index="7">
              <value>
                <![CDATA[054]]>
              </value>
            </param>
            <param index="8">
              <value>
                <![CDATA[5801250]]>
              </value>
            </param>
            <param index="9">
              <value>
                <![CDATA[Shelly@test.com]]>
              </value>
            </param>
          </params>
          <reporter-output>
            <line>
              <![CDATA[<br/><p><img width='612' src='C:\Users\tzion\OneDrive\שולחן העבודה\NewWorkspace\FinalProject4\07_01_2023_09_34_11_image.png'></p>]]>
            </line>
          </reporter-output>
        </test-method> <!-- test1 -->
        <test-method is-config="true" signature="afterMethod()[pri:0, instance:test.TestPageObject@68759011]" started-at="2023-01-07T09:34:11 IST" name="afterMethod" finished-at="2023-01-07T09:34:14 IST" duration-ms="3005" status="PASS">
          <reporter-output>
          </reporter-output>
        </test-method> <!-- afterMethod -->
        <test-method is-config="true" signature="afterClass()[pri:0, instance:test.TestPageObject@68759011]" started-at="2023-01-07T09:34:14 IST" name="afterClass" finished-at="2023-01-07T09:34:15 IST" duration-ms="188" status="PASS">
          <reporter-output>
          </reporter-output>
        </test-method> <!-- afterClass -->
      </class> <!-- test.TestPageObject -->
    </test> <!-- ReportNG -->
  </suite> <!-- Suite -->
</testng-results>
