<?xml version="1.0" encoding="UTF-8"?>
<testsuite xmlns:xsi="http://www.w3.org/2001/XMLSchema-instance" xsi:noNamespaceSchemaLocation="https://maven.apache.org/surefire/maven-surefire-plugin/xsd/surefire-test-report-3.0.xsd" version="3.0" name="TestSuite" time="22.863" tests="2" errors="0" skipped="0" failures="0">
  <properties>
[...]
</properties>
  <testcase name="test1[Nir, Tzioni, 28041990, זכר, 200927853, 054, 5801250, 052, 5399012, Nir@test.com](1)" classname="test.TestPageObject" time="6.69">
    <system-out><![CDATA[09:33:53.262 [main] INFO  test.TestPageObject - Before Class
09:33:55.279 [main] INFO  test.TestPageObject - Before Method
09:33:55.924 [main] INFO  test.TestPageObject - Test
CDwindow-974E5560A57562D0D0E02017559F1F5C
CDwindow-44A4344518921C9048094BC8FEABF14F
]]></system-out>
    <system-err><![CDATA[SLF4J: Failed to load class "org.slf4j.impl.StaticLoggerBinder".
SLF4J: Defaulting to no-operation (NOP) logger implementation
SLF4J: See http://www.slf4j.org/codes.html#StaticLoggerBinder for further details.
Starting ChromeDriver 107.0.5304.62 (1eec40d3a5764881c92085aaee66d25075c159aa-refs/branch-heads/5304@{#942}) on port 44524
Only local connections are allowed.
Please see https://chromedriver.chromium.org/security-considerations for suggestions on keeping ChromeDriver safe.
ChromeDriver was started successfully.
[1673076834.678][WARNING]: This version of ChromeDriver has not been tested with Chrome version 108.
]]></system-err>
  </testcase>
  <testcase name="test1[Shelly,  Segal Tzioni, 11091991, נקבה, 203992482, 052, 5399012, 054, 5801250, Shelly@test.com](2)" classname="test.TestPageObject" time="5.911">
    <system-out><![CDATA[09:34:02.602 [main] INFO  test.TestPageObject - After Method
09:34:05.615 [main] INFO  test.TestPageObject - Before Method
09:34:06.073 [main] INFO  test.TestPageObject - Test
CDwindow-974E5560A57562D0D0E02017559F1F5C
CDwindow-D450B945818F46E12CD5269A7EEFF266
]]></system-out>
  </testcase>
</testsuite>